  .   ____          _            __ _ _
 /\\ / ___'_ __ _ _(_)_ __  __ _ \ \ \ \
( ( )\___ | '_ | '_| | '_ \/ _` | \ \ \ \
 \\/  ___)| |_)| | | | | || (_| |  ) ) ) )
  '  |____| .__|_| |_|_| |_\__, | / / / /
 =========|_|==============|___/=/_/_/_/

 :: Spring Boot ::                (v3.3.0)

2026-06-20T12:14:00.268+05:30  INFO 44536 --- [cpi-backend] [           main] c.cpi.cpi_backend.CpiBackendApplication  : Starting CpiBackendApplication v0.0.1-SNAPSHOT using Java 17.0.18 with PID 44536 (/home/gowtham/Desktop/Cricket_Analysis/target/cpi-backend-0.0.1-SNAPSHOT.jar started by gowtham in /home/gowtham/Desktop/Cricket_Analysis)
2026-06-20T12:14:00.291+05:30  INFO 44536 --- [cpi-backend] [           main] c.cpi.cpi_backend.CpiBackendApplication  : No active profile set, falling back to 1 default profile: "default"
2026-06-20T12:14:04.646+05:30  INFO 44536 --- [cpi-backend] [           main] .s.d.r.c.RepositoryConfigurationDelegate : Bootstrapping Spring Data JPA repositories in DEFAULT mode.
2026-06-20T12:14:04.982+05:30  INFO 44536 --- [cpi-backend] [           main] .s.d.r.c.RepositoryConfigurationDelegate : Finished Spring Data repository scanning in 299 ms. Found 7 JPA repository interfaces.
2026-06-20T12:14:07.854+05:30  INFO 44536 --- [cpi-backend] [           main] o.s.b.w.embedded.tomcat.TomcatWebServer  : Tomcat initialized with port 8080 (http)
2026-06-20T12:14:07.899+05:30  INFO 44536 --- [cpi-backend] [           main] o.apache.catalina.core.StandardService   : Starting service [Tomcat]
2026-06-20T12:14:07.900+05:30  INFO 44536 --- [cpi-backend] [           main] o.apache.catalina.core.StandardEngine    : Starting Servlet engine: [Apache Tomcat/10.1.24]
2026-06-20T12:14:08.052+05:30  INFO 44536 --- [cpi-backend] [           main] o.a.c.c.C.[Tomcat].[localhost].[/]       : Initializing Spring embedded WebApplicationContext
2026-06-20T12:14:08.060+05:30  INFO 44536 --- [cpi-backend] [           main] w.s.c.ServletWebServerApplicationContext : Root WebApplicationContext: initialization completed in 7337 ms
2026-06-20T12:14:08.565+05:30  INFO 44536 --- [cpi-backend] [           main] o.hibernate.jpa.internal.util.LogHelper  : HHH000204: Processing PersistenceUnitInfo [name: default]
2026-06-20T12:14:08.801+05:30  INFO 44536 --- [cpi-backend] [           main] org.hibernate.Version                    : HHH000412: Hibernate ORM core version 6.5.2.Final
2026-06-20T12:14:08.919+05:30  INFO 44536 --- [cpi-backend] [           main] o.h.c.internal.RegionFactoryInitiator    : HHH000026: Second-level cache disabled
2026-06-20T12:14:09.974+05:30  INFO 44536 --- [cpi-backend] [           main] o.s.o.j.p.SpringPersistenceUnitInfo      : No LoadTimeWeaver setup: ignoring JPA class transformer
2026-06-20T12:14:10.118+05:30  INFO 44536 --- [cpi-backend] [           main] com.zaxxer.hikari.HikariDataSource       : HikariPool-1 - Starting...
2026-06-20T12:14:10.953+05:30  INFO 44536 --- [cpi-backend] [           main] com.zaxxer.hikari.pool.HikariPool        : HikariPool-1 - Added connection conn0: url=jdbc:h2:mem:cpi_db user=SA
2026-06-20T12:14:10.958+05:30  INFO 44536 --- [cpi-backend] [           main] com.zaxxer.hikari.HikariDataSource       : HikariPool-1 - Start completed.
2026-06-20T12:14:11.024+05:30  WARN 44536 --- [cpi-backend] [           main] org.hibernate.orm.deprecation            : HHH90000025: H2Dialect does not need to be specified explicitly using 'hibernate.dialect' (remove the property setting and it will be selected by default)
2026-06-20T12:14:14.374+05:30  INFO 44536 --- [cpi-backend] [           main] o.h.e.t.j.p.i.JtaPlatformInitiator       : HHH000489: No JTA platform available (set 'hibernate.transaction.jta.platform' to enable JTA platform integration)
2026-06-20T12:14:14.624+05:30  INFO 44536 --- [cpi-backend] [           main] j.LocalContainerEntityManagerFactoryBean : Initialized JPA EntityManagerFactory for persistence unit 'default'
2026-06-20T12:14:16.346+05:30  INFO 44536 --- [cpi-backend] [           main] o.s.d.j.r.query.QueryEnhancerFactory     : Hibernate is in classpath; If applicable, HQL parser will be used.
2026-06-20T12:14:18.355+05:30  INFO 44536 --- [cpi-backend] [           main] eAuthenticationProviderManagerConfigurer : Global AuthenticationManager configured with AuthenticationProvider bean with name authenticationProvider
2026-06-20T12:14:18.357+05:30  WARN 44536 --- [cpi-backend] [           main] r$InitializeUserDetailsManagerConfigurer : Global AuthenticationManager configured with an AuthenticationProvider bean. UserDetailsService beans will not be used for username/password login. Consider removing the AuthenticationProvider bean. Alternatively, consider using the UserDetailsService in a manually instantiated DaoAuthenticationProvider.
2026-06-20T12:14:19.003+05:30  INFO 44536 --- [cpi-backend] [           main] o.s.b.a.w.s.WelcomePageHandlerMapping    : Adding welcome page: class path resource [static/index.html]
2026-06-20T12:14:19.707+05:30  INFO 44536 --- [cpi-backend] [           main] o.s.s.web.DefaultSecurityFilterChain     : Will secure any request with [org.springframework.security.web.session.DisableEncodeUrlFilter@2f7af3d0, org.springframework.security.web.context.request.async.WebAsyncManagerIntegrationFilter@494775f1, org.springframework.security.web.context.SecurityContextHolderFilter@52bef30b, org.springframework.security.web.header.HeaderWriterFilter@2a64cb1f, org.springframework.web.filter.CorsFilter@5ac3d009, org.springframework.security.web.authentication.logout.LogoutFilter@26aecf31, com.cpi.cpi_backend.security.JwtAuthenticationFilter@2b625e82, org.springframework.security.web.savedrequest.RequestCacheAwareFilter@358f85b1, org.springframework.security.web.servletapi.SecurityContextHolderAwareRequestFilter@5100fe55, org.springframework.security.web.authentication.AnonymousAuthenticationFilter@67e03fe4, org.springframework.security.web.session.SessionManagementFilter@8caffbd, org.springframework.security.web.access.ExceptionTranslationFilter@2810d9, org.springframework.security.web.access.intercept.AuthorizationFilter@3d1b6816]
2026-06-20T12:14:20.483+05:30  INFO 44536 --- [cpi-backend] [           main] o.s.b.w.embedded.tomcat.TomcatWebServer  : Tomcat started on port 8080 (http) with context path '/'
2026-06-20T12:14:20.555+05:30  INFO 44536 --- [cpi-backend] [           main] c.cpi.cpi_backend.CpiBackendApplication  : Started CpiBackendApplication in 22.252 seconds (process running for 24.317)
Schema update check: database product is H2
H2 team_id alter failed/ignored: StatementCallback; bad SQL grammar [ALTER TABLE players ALTER COLUMN team_id SET NULL]
H2: Dropped team_id column.
H2: Dropped duplicate date column from practice_assessments.
2026-06-20T12:14:21.225+05:30  INFO 44536 --- [cpi-backend] [nio-8080-exec-1] o.a.c.c.C.[Tomcat].[localhost].[/]       : Initializing Spring DispatcherServlet 'dispatcherServlet'
2026-06-20T12:14:21.226+05:30  INFO 44536 --- [cpi-backend] [nio-8080-exec-1] o.s.web.servlet.DispatcherServlet        : Initializing Servlet 'dispatcherServlet'
2026-06-20T12:14:21.231+05:30  INFO 44536 --- [cpi-backend] [nio-8080-exec-1] o.s.web.servlet.DispatcherServlet        : Completed initialization in 4 ms
2026-06-20T12:14:23.331+05:30  INFO 44536 --- [cpi-backend] [ionShutdownHook] j.LocalContainerEntityManagerFactoryBean : Closing JPA EntityManagerFactory for persistence unit 'default'
2026-06-20T12:14:23.344+05:30  INFO 44536 --- [cpi-backend] [ionShutdownHook] com.zaxxer.hikari.HikariDataSource       : HikariPool-1 - Shutdown initiated...
2026-06-20T12:14:23.358+05:30  INFO 44536 --- [cpi-backend] [ionShutdownHook] com.zaxxer.hikari.HikariDataSource       : HikariPool-1 - Shutdown completed.
